<?xml version="1.0" encoding="UTF-8"?>
<!-- Generated by org.testng.reporters.JUnitReportReporter -->
<testsuite hostname="DESKTOP-N3R40K0" failures="0" tests="2" name="org.log.Sample" time="3.949" errors="0" timestamp="27 Mar 2024 11:12:08 GMT" skipped="0">
  <testcase classname="org.log.Sample" name="Tc02" time="0.005"/>
  <testcase classname="org.log.Sample" name="Tc01" time="3.944"/>
</testsuite> <!-- org.log.Sample -->
