<?xml version="1.0" encoding="UTF-8"?>
<!-- Generated by org.testng.reporters.JUnitReportReporter -->
<testsuite hostname="DESKTOP-N3R40K0" failures="0" tests="1" name="org.log.Sample" time="104.223" errors="0" timestamp="29 Mar 2024 12:16:55 GMT" skipped="0">
  <testcase classname="org.log.Sample" name="Tc01" time="104.223"/>
</testsuite> <!-- org.log.Sample -->
